2026-01-10 13:37:58,749 - INFO - 训练器初始化完成
2026-01-10 13:37:58,749 - INFO - 设备: cuda
2026-01-10 13:37:58,749 - INFO - 模型参数数量: 290,497
2026-01-10 13:37:58,749 - INFO - ============================================================
2026-01-10 13:37:58,749 - INFO - 开始训练
2026-01-10 13:37:58,749 - INFO - ============================================================
2026-01-10 13:38:04,493 - INFO - ✓ 保存最佳模型 (Epoch 1)
2026-01-10 13:38:04,493 - INFO - Epoch [1/50] 5.7s - Train Loss: 0.5579, Acc: 0.7120 | Val Loss: 0.5156, Acc: 0.7014, AUC: 0.8515 | LR: 0.001000
2026-01-10 13:38:04,851 - INFO - ✓ 保存最佳模型 (Epoch 2)
2026-01-10 13:38:04,851 - INFO - Epoch [2/50] 0.4s - Train Loss: 0.3959, Acc: 0.8148 | Val Loss: 0.3470, Acc: 0.8295, AUC: 0.9045 | LR: 0.001000
2026-01-10 13:38:05,112 - INFO - Epoch [3/50] 0.3s - Train Loss: 0.3516, Acc: 0.8413 | Val Loss: 0.3639, Acc: 0.8264, AUC: 0.9169 | LR: 0.001000
2026-01-10 13:38:05,354 - INFO - ✓ 保存最佳模型 (Epoch 4)
2026-01-10 13:38:05,354 - INFO - Epoch [4/50] 0.2s - Train Loss: 0.3275, Acc: 0.8523 | Val Loss: 0.3427, Acc: 0.8333, AUC: 0.9118 | LR: 0.001000
2026-01-10 13:38:05,594 - INFO - ✓ 保存最佳模型 (Epoch 5)
2026-01-10 13:38:05,594 - INFO - Epoch [5/50] 0.2s - Train Loss: 0.3043, Acc: 0.8697 | Val Loss: 0.3359, Acc: 0.8495, AUC: 0.9237 | LR: 0.001000
2026-01-10 13:38:05,825 - INFO - Epoch [6/50] 0.2s - Train Loss: 0.2891, Acc: 0.8740 | Val Loss: 0.3367, Acc: 0.8434, AUC: 0.9237 | LR: 0.001000
2026-01-10 13:38:06,056 - INFO - ✓ 保存最佳模型 (Epoch 7)
2026-01-10 13:38:06,056 - INFO - Epoch [7/50] 0.2s - Train Loss: 0.2755, Acc: 0.8804 | Val Loss: 0.3243, Acc: 0.8503, AUC: 0.9234 | LR: 0.001000
2026-01-10 13:38:06,273 - INFO - Epoch [8/50] 0.2s - Train Loss: 0.2628, Acc: 0.8874 | Val Loss: 0.3372, Acc: 0.8426, AUC: 0.9209 | LR: 0.001000
2026-01-10 13:38:06,505 - INFO - Epoch [9/50] 0.2s - Train Loss: 0.2477, Acc: 0.8942 | Val Loss: 0.4030, Acc: 0.8202, AUC: 0.9250 | LR: 0.001000
2026-01-10 13:38:06,725 - INFO - Epoch [10/50] 0.2s - Train Loss: 0.2347, Acc: 0.8993 | Val Loss: 0.3246, Acc: 0.8596, AUC: 0.9251 | LR: 0.001000
2026-01-10 13:38:06,937 - INFO - Epoch [11/50] 0.2s - Train Loss: 0.2128, Acc: 0.9129 | Val Loss: 0.3595, Acc: 0.8465, AUC: 0.9190 | LR: 0.001000
2026-01-10 13:38:07,175 - INFO - Epoch [12/50] 0.2s - Train Loss: 0.2008, Acc: 0.9165 | Val Loss: 0.3840, Acc: 0.8503, AUC: 0.9193 | LR: 0.001000
2026-01-10 13:38:07,403 - INFO - Epoch [13/50] 0.2s - Train Loss: 0.1935, Acc: 0.9171 | Val Loss: 0.3877, Acc: 0.8488, AUC: 0.9197 | LR: 0.000500
2026-01-10 13:38:07,619 - INFO - Epoch [14/50] 0.2s - Train Loss: 0.1580, Acc: 0.9388 | Val Loss: 0.4205, Acc: 0.8410, AUC: 0.9198 | LR: 0.000500
2026-01-10 13:38:07,832 - INFO - Epoch [15/50] 0.2s - Train Loss: 0.1436, Acc: 0.9430 | Val Loss: 0.4059, Acc: 0.8549, AUC: 0.9200 | LR: 0.000500
2026-01-10 13:38:08,046 - INFO - Epoch [16/50] 0.2s - Train Loss: 0.1280, Acc: 0.9500 | Val Loss: 0.4219, Acc: 0.8603, AUC: 0.9173 | LR: 0.000500
2026-01-10 13:38:08,300 - INFO - Epoch [17/50] 0.3s - Train Loss: 0.1217, Acc: 0.9520 | Val Loss: 0.4370, Acc: 0.8480, AUC: 0.9178 | LR: 0.000500
2026-01-10 13:38:08,301 - INFO - 
早停触发！连续 10 个 Epoch 无改善
2026-01-10 13:38:08,301 - INFO - 
============================================================
2026-01-10 13:38:08,301 - INFO - 训练完成
2026-01-10 13:38:08,301 - INFO - ============================================================
2026-01-10 13:38:08,301 - INFO - 总训练时间: 0.2 分钟
2026-01-10 13:38:08,301 - INFO - 最佳 Epoch: 7
2026-01-10 13:38:08,301 - INFO - 最佳验证损失: 0.3243
2026-01-10 13:38:08,301 - INFO - 最佳验证准确率: 0.8503
2026-01-10 13:38:08,301 - INFO - 最佳验证 AUC: 0.9234
2026-01-10 13:38:08,301 - INFO - 模型保存位置: models/best_model.pth
============================================================
MHC-I 模型训练程序
============================================================

正在检查计算环境...
✓ CUDA 可用
  GPU 设备: NVIDIA GeForce RTX 4060 Laptop GPU
  GPU 数量: 1
  当前 GPU: 0
  GPU 内存: 8.0 GB

使用设备: cuda

正在加载数据...
训练集: 9066 样本
验证集: 1296 样本

正在创建数据加载器...
训练批次: 71
验证批次: 6

正在创建模型...
模型参数数量: 290,497

训练历史已保存至: results/training_history.csv

训练完成！
